2024-11-16 12:08:09,825 [INFO] Starting training...
2024-11-16 12:09:15,224 [INFO] Epoch 1/50: Train Loss = 0.3302, Dev F1 Macro = 0.3177, Dev F1 Weighted = 0.3402
2024-11-16 12:09:15,725 [INFO] Saved new best model with F1 Macro: 0.3177
2024-11-16 12:10:20,034 [INFO] Epoch 2/50: Train Loss = 0.3059, Dev F1 Macro = 0.4800, Dev F1 Weighted = 0.5122
2024-11-16 12:10:20,441 [INFO] Saved new best model with F1 Macro: 0.4800
2024-11-16 12:11:24,802 [INFO] Epoch 3/50: Train Loss = 0.2586, Dev F1 Macro = 0.7212, Dev F1 Weighted = 0.7486
2024-11-16 12:11:25,202 [INFO] Saved new best model with F1 Macro: 0.7212
2024-11-16 12:12:29,580 [INFO] Epoch 4/50: Train Loss = 0.1906, Dev F1 Macro = 0.8321, Dev F1 Weighted = 0.8538
2024-11-16 12:12:29,890 [INFO] Saved new best model with F1 Macro: 0.8321
2024-11-16 12:13:34,234 [INFO] Epoch 5/50: Train Loss = 0.1292, Dev F1 Macro = 0.8818, Dev F1 Weighted = 0.8951
2024-11-16 12:13:34,546 [INFO] Saved new best model with F1 Macro: 0.8818
2024-11-16 12:14:38,950 [INFO] Epoch 6/50: Train Loss = 0.0974, Dev F1 Macro = 0.9075, Dev F1 Weighted = 0.9164
2024-11-16 12:14:39,253 [INFO] Saved new best model with F1 Macro: 0.9075
2024-11-16 12:15:43,597 [INFO] Epoch 7/50: Train Loss = 0.0805, Dev F1 Macro = 0.9216, Dev F1 Weighted = 0.9289
2024-11-16 12:15:43,909 [INFO] Saved new best model with F1 Macro: 0.9216
2024-11-16 12:16:48,253 [INFO] Epoch 8/50: Train Loss = 0.0710, Dev F1 Macro = 0.9319, Dev F1 Weighted = 0.9379
2024-11-16 12:16:48,563 [INFO] Saved new best model with F1 Macro: 0.9319
2024-11-16 12:17:53,006 [INFO] Epoch 9/50: Train Loss = 0.0633, Dev F1 Macro = 0.9393, Dev F1 Weighted = 0.9444
2024-11-16 12:17:53,317 [INFO] Saved new best model with F1 Macro: 0.9393
2024-11-16 12:18:57,687 [INFO] Epoch 10/50: Train Loss = 0.0587, Dev F1 Macro = 0.9460, Dev F1 Weighted = 0.9505
2024-11-16 12:18:57,994 [INFO] Saved new best model with F1 Macro: 0.9460
2024-11-16 12:20:02,311 [INFO] Epoch 11/50: Train Loss = 0.0542, Dev F1 Macro = 0.9516, Dev F1 Weighted = 0.9554
2024-11-16 12:20:02,634 [INFO] Saved new best model with F1 Macro: 0.9516
2024-11-16 12:21:06,990 [INFO] Epoch 12/50: Train Loss = 0.0505, Dev F1 Macro = 0.9561, Dev F1 Weighted = 0.9594
2024-11-16 12:21:07,295 [INFO] Saved new best model with F1 Macro: 0.9561
2024-11-16 12:22:11,693 [INFO] Epoch 13/50: Train Loss = 0.0476, Dev F1 Macro = 0.9587, Dev F1 Weighted = 0.9616
2024-11-16 12:22:12,000 [INFO] Saved new best model with F1 Macro: 0.9587
2024-11-16 12:23:16,293 [INFO] Epoch 14/50: Train Loss = 0.0455, Dev F1 Macro = 0.9623, Dev F1 Weighted = 0.9651
2024-11-16 12:23:16,665 [INFO] Saved new best model with F1 Macro: 0.9623
2024-11-16 12:24:20,987 [INFO] Epoch 15/50: Train Loss = 0.0435, Dev F1 Macro = 0.9642, Dev F1 Weighted = 0.9668
2024-11-16 12:24:21,291 [INFO] Saved new best model with F1 Macro: 0.9642
2024-11-16 12:25:25,697 [INFO] Epoch 16/50: Train Loss = 0.0416, Dev F1 Macro = 0.9651, Dev F1 Weighted = 0.9677
2024-11-16 12:25:26,031 [INFO] Saved new best model with F1 Macro: 0.9651
2024-11-16 12:26:30,308 [INFO] Epoch 17/50: Train Loss = 0.0401, Dev F1 Macro = 0.9663, Dev F1 Weighted = 0.9689
2024-11-16 12:26:30,621 [INFO] Saved new best model with F1 Macro: 0.9663
2024-11-16 12:27:35,010 [INFO] Epoch 18/50: Train Loss = 0.0385, Dev F1 Macro = 0.9677, Dev F1 Weighted = 0.9702
2024-11-16 12:27:35,306 [INFO] Saved new best model with F1 Macro: 0.9677
2024-11-16 12:28:39,722 [INFO] Epoch 19/50: Train Loss = 0.0380, Dev F1 Macro = 0.9681, Dev F1 Weighted = 0.9704
2024-11-16 12:28:40,031 [INFO] Saved new best model with F1 Macro: 0.9681
2024-11-16 12:29:44,374 [INFO] Epoch 20/50: Train Loss = 0.0367, Dev F1 Macro = 0.9691, Dev F1 Weighted = 0.9713
2024-11-16 12:29:44,684 [INFO] Saved new best model with F1 Macro: 0.9691
2024-11-16 12:30:49,080 [INFO] Epoch 21/50: Train Loss = 0.0354, Dev F1 Macro = 0.9710, Dev F1 Weighted = 0.9730
2024-11-16 12:30:49,394 [INFO] Saved new best model with F1 Macro: 0.9710
2024-11-16 12:31:53,762 [INFO] Epoch 22/50: Train Loss = 0.0351, Dev F1 Macro = 0.9706, Dev F1 Weighted = 0.9727
2024-11-16 12:32:58,115 [INFO] Epoch 23/50: Train Loss = 0.0339, Dev F1 Macro = 0.9713, Dev F1 Weighted = 0.9733
2024-11-16 12:32:58,440 [INFO] Saved new best model with F1 Macro: 0.9713
2024-11-16 12:34:02,828 [INFO] Epoch 24/50: Train Loss = 0.0328, Dev F1 Macro = 0.9727, Dev F1 Weighted = 0.9749
2024-11-16 12:34:03,200 [INFO] Saved new best model with F1 Macro: 0.9727
2024-11-16 12:35:07,541 [INFO] Epoch 25/50: Train Loss = 0.0324, Dev F1 Macro = 0.9727, Dev F1 Weighted = 0.9745
2024-11-16 12:35:07,929 [INFO] Saved new best model with F1 Macro: 0.9727
2024-11-16 12:36:12,332 [INFO] Epoch 26/50: Train Loss = 0.0316, Dev F1 Macro = 0.9733, Dev F1 Weighted = 0.9753
2024-11-16 12:36:12,690 [INFO] Saved new best model with F1 Macro: 0.9733
2024-11-16 12:37:17,019 [INFO] Epoch 27/50: Train Loss = 0.0309, Dev F1 Macro = 0.9745, Dev F1 Weighted = 0.9765
2024-11-16 12:37:17,328 [INFO] Saved new best model with F1 Macro: 0.9745
2024-11-16 12:38:21,711 [INFO] Epoch 28/50: Train Loss = 0.0300, Dev F1 Macro = 0.9740, Dev F1 Weighted = 0.9760
2024-11-16 12:39:26,118 [INFO] Epoch 29/50: Train Loss = 0.0296, Dev F1 Macro = 0.9741, Dev F1 Weighted = 0.9762
2024-11-16 12:40:30,527 [INFO] Epoch 30/50: Train Loss = 0.0287, Dev F1 Macro = 0.9747, Dev F1 Weighted = 0.9767
2024-11-16 12:40:30,837 [INFO] Saved new best model with F1 Macro: 0.9747
2024-11-16 12:41:35,153 [INFO] Epoch 31/50: Train Loss = 0.0278, Dev F1 Macro = 0.9748, Dev F1 Weighted = 0.9769
2024-11-16 12:41:35,467 [INFO] Saved new best model with F1 Macro: 0.9748
2024-11-16 12:42:39,825 [INFO] Epoch 32/50: Train Loss = 0.0275, Dev F1 Macro = 0.9742, Dev F1 Weighted = 0.9762
2024-11-16 12:43:44,151 [INFO] Epoch 33/50: Train Loss = 0.0269, Dev F1 Macro = 0.9752, Dev F1 Weighted = 0.9771
2024-11-16 12:43:44,464 [INFO] Saved new best model with F1 Macro: 0.9752
2024-11-16 12:44:48,829 [INFO] Epoch 34/50: Train Loss = 0.0261, Dev F1 Macro = 0.9753, Dev F1 Weighted = 0.9772
2024-11-16 12:44:49,140 [INFO] Saved new best model with F1 Macro: 0.9753
2024-11-16 12:45:53,484 [INFO] Epoch 35/50: Train Loss = 0.0258, Dev F1 Macro = 0.9746, Dev F1 Weighted = 0.9768
2024-11-16 12:46:57,880 [INFO] Epoch 36/50: Train Loss = 0.0256, Dev F1 Macro = 0.9757, Dev F1 Weighted = 0.9776
2024-11-16 12:46:58,191 [INFO] Saved new best model with F1 Macro: 0.9757
2024-11-16 12:48:02,576 [INFO] Epoch 37/50: Train Loss = 0.0245, Dev F1 Macro = 0.9756, Dev F1 Weighted = 0.9776
2024-11-16 12:49:06,980 [INFO] Epoch 38/50: Train Loss = 0.0239, Dev F1 Macro = 0.9753, Dev F1 Weighted = 0.9772
2024-11-16 12:50:12,773 [INFO] Epoch 39/50: Train Loss = 0.0233, Dev F1 Macro = 0.9752, Dev F1 Weighted = 0.9772
2024-11-16 12:51:19,173 [INFO] Epoch 40/50: Train Loss = 0.0230, Dev F1 Macro = 0.9741, Dev F1 Weighted = 0.9764
2024-11-16 12:52:25,487 [INFO] Epoch 41/50: Train Loss = 0.0226, Dev F1 Macro = 0.9755, Dev F1 Weighted = 0.9774
2024-11-16 12:53:31,761 [INFO] Epoch 42/50: Train Loss = 0.0225, Dev F1 Macro = 0.9762, Dev F1 Weighted = 0.9780
2024-11-16 12:53:32,099 [INFO] Saved new best model with F1 Macro: 0.9762
2024-11-16 12:54:38,383 [INFO] Epoch 43/50: Train Loss = 0.0216, Dev F1 Macro = 0.9757, Dev F1 Weighted = 0.9777
2024-11-16 12:55:44,674 [INFO] Epoch 44/50: Train Loss = 0.0205, Dev F1 Macro = 0.9754, Dev F1 Weighted = 0.9771
2024-11-16 12:56:50,955 [INFO] Epoch 45/50: Train Loss = 0.0212, Dev F1 Macro = 0.9759, Dev F1 Weighted = 0.9777
2024-11-16 12:57:57,229 [INFO] Epoch 46/50: Train Loss = 0.0203, Dev F1 Macro = 0.9756, Dev F1 Weighted = 0.9774
2024-11-16 12:59:03,433 [INFO] Epoch 47/50: Train Loss = 0.0199, Dev F1 Macro = 0.9758, Dev F1 Weighted = 0.9776
2024-11-16 13:00:09,718 [INFO] Epoch 48/50: Train Loss = 0.0192, Dev F1 Macro = 0.9762, Dev F1 Weighted = 0.9781
2024-11-16 13:00:10,010 [INFO] Saved new best model with F1 Macro: 0.9762
2024-11-16 13:01:16,283 [INFO] Epoch 49/50: Train Loss = 0.0187, Dev F1 Macro = 0.9749, Dev F1 Weighted = 0.9770
2024-11-16 13:02:22,601 [INFO] Epoch 50/50: Train Loss = 0.0188, Dev F1 Macro = 0.9743, Dev F1 Weighted = 0.9764
2024-11-16 13:02:22,601 [INFO] Evaluating on test set...
2024-11-16 13:02:23,879 [INFO] Test Results: F1 Macro = 0.8263, F1 Weighted = 0.8203
