2024-11-16 13:13:47,601 [INFO] Starting training...
2024-11-16 13:14:50,833 [INFO] Epoch 1/50: Train Loss = 0.3339, Dev F1 Macro = 0.3196, Dev F1 Weighted = 0.3429
2024-11-16 13:14:51,465 [INFO] Saved new best model with F1 Macro: 0.3196
2024-11-16 13:15:53,300 [INFO] Epoch 2/50: Train Loss = 0.3042, Dev F1 Macro = 0.4928, Dev F1 Weighted = 0.5246
2024-11-16 13:15:53,729 [INFO] Saved new best model with F1 Macro: 0.4928
2024-11-16 13:16:55,765 [INFO] Epoch 3/50: Train Loss = 0.2460, Dev F1 Macro = 0.7367, Dev F1 Weighted = 0.7622
2024-11-16 13:16:56,164 [INFO] Saved new best model with F1 Macro: 0.7367
2024-11-16 13:17:58,079 [INFO] Epoch 4/50: Train Loss = 0.1663, Dev F1 Macro = 0.8471, Dev F1 Weighted = 0.8657
2024-11-16 13:17:58,608 [INFO] Saved new best model with F1 Macro: 0.8471
2024-11-16 13:19:00,780 [INFO] Epoch 5/50: Train Loss = 0.1051, Dev F1 Macro = 0.8942, Dev F1 Weighted = 0.9054
2024-11-16 13:19:01,092 [INFO] Saved new best model with F1 Macro: 0.8942
2024-11-16 13:20:03,266 [INFO] Epoch 6/50: Train Loss = 0.0754, Dev F1 Macro = 0.9145, Dev F1 Weighted = 0.9228
2024-11-16 13:20:03,642 [INFO] Saved new best model with F1 Macro: 0.9145
2024-11-16 13:21:05,787 [INFO] Epoch 7/50: Train Loss = 0.0597, Dev F1 Macro = 0.9272, Dev F1 Weighted = 0.9339
2024-11-16 13:21:06,101 [INFO] Saved new best model with F1 Macro: 0.9272
2024-11-16 13:22:08,194 [INFO] Epoch 8/50: Train Loss = 0.0492, Dev F1 Macro = 0.9370, Dev F1 Weighted = 0.9427
2024-11-16 13:22:08,516 [INFO] Saved new best model with F1 Macro: 0.9370
2024-11-16 13:23:10,651 [INFO] Epoch 9/50: Train Loss = 0.0418, Dev F1 Macro = 0.9451, Dev F1 Weighted = 0.9496
2024-11-16 13:23:10,974 [INFO] Saved new best model with F1 Macro: 0.9451
2024-11-16 13:24:13,156 [INFO] Epoch 10/50: Train Loss = 0.0363, Dev F1 Macro = 0.9515, Dev F1 Weighted = 0.9552
2024-11-16 13:24:13,538 [INFO] Saved new best model with F1 Macro: 0.9515
2024-11-16 13:25:15,295 [INFO] Epoch 11/50: Train Loss = 0.0319, Dev F1 Macro = 0.9568, Dev F1 Weighted = 0.9601
2024-11-16 13:25:15,688 [INFO] Saved new best model with F1 Macro: 0.9568
2024-11-16 13:26:17,799 [INFO] Epoch 12/50: Train Loss = 0.0286, Dev F1 Macro = 0.9601, Dev F1 Weighted = 0.9630
2024-11-16 13:26:18,113 [INFO] Saved new best model with F1 Macro: 0.9601
2024-11-16 13:27:20,328 [INFO] Epoch 13/50: Train Loss = 0.0259, Dev F1 Macro = 0.9629, Dev F1 Weighted = 0.9656
2024-11-16 13:27:20,654 [INFO] Saved new best model with F1 Macro: 0.9629
2024-11-16 13:28:22,766 [INFO] Epoch 14/50: Train Loss = 0.0238, Dev F1 Macro = 0.9650, Dev F1 Weighted = 0.9676
2024-11-16 13:28:23,075 [INFO] Saved new best model with F1 Macro: 0.9650
2024-11-16 13:29:25,199 [INFO] Epoch 15/50: Train Loss = 0.0221, Dev F1 Macro = 0.9659, Dev F1 Weighted = 0.9684
2024-11-16 13:29:25,512 [INFO] Saved new best model with F1 Macro: 0.9659
2024-11-16 13:30:27,603 [INFO] Epoch 16/50: Train Loss = 0.0205, Dev F1 Macro = 0.9673, Dev F1 Weighted = 0.9696
2024-11-16 13:30:27,920 [INFO] Saved new best model with F1 Macro: 0.9673
2024-11-16 13:31:30,045 [INFO] Epoch 17/50: Train Loss = 0.0192, Dev F1 Macro = 0.9681, Dev F1 Weighted = 0.9704
2024-11-16 13:31:30,358 [INFO] Saved new best model with F1 Macro: 0.9681
2024-11-16 13:32:32,479 [INFO] Epoch 18/50: Train Loss = 0.0179, Dev F1 Macro = 0.9692, Dev F1 Weighted = 0.9716
2024-11-16 13:32:32,791 [INFO] Saved new best model with F1 Macro: 0.9692
2024-11-16 13:33:34,905 [INFO] Epoch 19/50: Train Loss = 0.0167, Dev F1 Macro = 0.9694, Dev F1 Weighted = 0.9716
2024-11-16 13:33:35,219 [INFO] Saved new best model with F1 Macro: 0.9694
2024-11-16 13:34:37,354 [INFO] Epoch 20/50: Train Loss = 0.0156, Dev F1 Macro = 0.9698, Dev F1 Weighted = 0.9721
2024-11-16 13:34:37,667 [INFO] Saved new best model with F1 Macro: 0.9698
2024-11-16 13:35:39,705 [INFO] Epoch 21/50: Train Loss = 0.0144, Dev F1 Macro = 0.9694, Dev F1 Weighted = 0.9718
2024-11-16 13:36:41,851 [INFO] Epoch 22/50: Train Loss = 0.0133, Dev F1 Macro = 0.9708, Dev F1 Weighted = 0.9729
2024-11-16 13:36:42,163 [INFO] Saved new best model with F1 Macro: 0.9708
2024-11-16 13:37:44,288 [INFO] Epoch 23/50: Train Loss = 0.0122, Dev F1 Macro = 0.9710, Dev F1 Weighted = 0.9732
2024-11-16 13:37:44,602 [INFO] Saved new best model with F1 Macro: 0.9710
2024-11-16 13:38:46,744 [INFO] Epoch 24/50: Train Loss = 0.0110, Dev F1 Macro = 0.9709, Dev F1 Weighted = 0.9730
2024-11-16 13:39:48,842 [INFO] Epoch 25/50: Train Loss = 0.0099, Dev F1 Macro = 0.9708, Dev F1 Weighted = 0.9732
2024-11-16 13:40:50,940 [INFO] Epoch 26/50: Train Loss = 0.0088, Dev F1 Macro = 0.9714, Dev F1 Weighted = 0.9735
2024-11-16 13:40:51,252 [INFO] Saved new best model with F1 Macro: 0.9714
2024-11-16 13:41:53,250 [INFO] Epoch 27/50: Train Loss = 0.0077, Dev F1 Macro = 0.9714, Dev F1 Weighted = 0.9735
2024-11-16 13:41:53,569 [INFO] Saved new best model with F1 Macro: 0.9714
2024-11-16 13:42:55,692 [INFO] Epoch 28/50: Train Loss = 0.0066, Dev F1 Macro = 0.9708, Dev F1 Weighted = 0.9730
2024-11-16 13:43:57,806 [INFO] Epoch 29/50: Train Loss = 0.0056, Dev F1 Macro = 0.9713, Dev F1 Weighted = 0.9734
2024-11-16 13:44:59,974 [INFO] Epoch 30/50: Train Loss = 0.0047, Dev F1 Macro = 0.9700, Dev F1 Weighted = 0.9722
2024-11-16 13:46:02,071 [INFO] Epoch 31/50: Train Loss = 0.0038, Dev F1 Macro = 0.9701, Dev F1 Weighted = 0.9724
2024-11-16 13:47:04,200 [INFO] Epoch 32/50: Train Loss = 0.0031, Dev F1 Macro = 0.9695, Dev F1 Weighted = 0.9719
2024-11-16 13:48:06,344 [INFO] Epoch 33/50: Train Loss = 0.0025, Dev F1 Macro = 0.9699, Dev F1 Weighted = 0.9721
2024-11-16 13:49:08,464 [INFO] Epoch 34/50: Train Loss = 0.0020, Dev F1 Macro = 0.9690, Dev F1 Weighted = 0.9716
2024-11-16 13:50:10,582 [INFO] Epoch 35/50: Train Loss = 0.0015, Dev F1 Macro = 0.9691, Dev F1 Weighted = 0.9715
2024-11-16 13:51:12,689 [INFO] Epoch 36/50: Train Loss = 0.0012, Dev F1 Macro = 0.9699, Dev F1 Weighted = 0.9721
2024-11-16 13:52:14,797 [INFO] Epoch 37/50: Train Loss = 0.0010, Dev F1 Macro = 0.9689, Dev F1 Weighted = 0.9714
2024-11-16 13:53:16,970 [INFO] Epoch 38/50: Train Loss = 0.0008, Dev F1 Macro = 0.9683, Dev F1 Weighted = 0.9709
2024-11-16 13:54:19,223 [INFO] Epoch 39/50: Train Loss = 0.0007, Dev F1 Macro = 0.9683, Dev F1 Weighted = 0.9709
2024-11-16 13:55:21,510 [INFO] Epoch 40/50: Train Loss = 0.0005, Dev F1 Macro = 0.9702, Dev F1 Weighted = 0.9725
2024-11-16 13:56:23,819 [INFO] Epoch 41/50: Train Loss = 0.0004, Dev F1 Macro = 0.9699, Dev F1 Weighted = 0.9723
2024-11-16 13:57:25,983 [INFO] Epoch 42/50: Train Loss = 0.0004, Dev F1 Macro = 0.9704, Dev F1 Weighted = 0.9728
2024-11-16 13:58:28,147 [INFO] Epoch 43/50: Train Loss = 0.0004, Dev F1 Macro = 0.9686, Dev F1 Weighted = 0.9712
2024-11-16 13:59:30,315 [INFO] Epoch 44/50: Train Loss = 0.0003, Dev F1 Macro = 0.9695, Dev F1 Weighted = 0.9718
2024-11-16 14:00:32,488 [INFO] Epoch 45/50: Train Loss = 0.0002, Dev F1 Macro = 0.9707, Dev F1 Weighted = 0.9729
2024-11-16 14:01:34,665 [INFO] Epoch 46/50: Train Loss = 0.0003, Dev F1 Macro = 0.9681, Dev F1 Weighted = 0.9707
2024-11-16 14:02:36,881 [INFO] Epoch 47/50: Train Loss = 0.0005, Dev F1 Macro = 0.9683, Dev F1 Weighted = 0.9710
2024-11-16 14:03:39,023 [INFO] Epoch 48/50: Train Loss = 0.0003, Dev F1 Macro = 0.9694, Dev F1 Weighted = 0.9716
2024-11-16 14:04:41,244 [INFO] Epoch 49/50: Train Loss = 0.0002, Dev F1 Macro = 0.9682, Dev F1 Weighted = 0.9707
2024-11-16 14:05:43,374 [INFO] Epoch 50/50: Train Loss = 0.0002, Dev F1 Macro = 0.9700, Dev F1 Weighted = 0.9723
2024-11-16 14:05:43,374 [INFO] Evaluating on test set...
2024-11-16 14:05:44,601 [INFO] Test Results: F1 Macro = 0.8221, F1 Weighted = 0.8149
